<?xml version="1.0" encoding="UTF-8"?>
<testsuite name="runners.BuscadorAdidasRunner" tests="0" skipped="0" failures="0" errors="0" timestamp="1970-01-01T00:00:00" hostname="DESKTOP-3CM9Q4J" time="0.0">
  <properties/>
  <system-out><![CDATA[]]></system-out>
  <system-err><![CDATA[?[32m?[1m?????????????????????????????????????????????????????????????????????????????[0m
?[32m?[1m??[0m View your Cucumber Report at:                                            ?[32m?[1m??[0m
?[32m?[1m??[0m ?[1m?[36m?[4mhttps://reports.cucumber.io/reports/e14031e8-09c1-4765-8b22-4de532b6c1c2?[0m ?[32m?[1m??[0m
?[32m?[1m??[0m                                                                          ?[32m?[1m??[0m
?[32m?[1m??[0m This report was published in collection "Ejercicios"                     ?[32m?[1m??[0m
?[32m?[1m?????????????????????????????????????????????????????????????????????????????[0m]]></system-err>
</testsuite>
